[[1;34mINFO[m] Scanning for projects...
[[1;34mINFO[m] 
[[1;34mINFO[m] [1m------------------------------------------------------------------------[m
[[1;34mINFO[m] [1mBuilding Calendar 1.0-SNAPSHOT[m
[[1;34mINFO[m] [1m------------------------------------------------------------------------[m
[[1;34mINFO[m] 
[[1;34mINFO[m] [1m--- [0;32mmaven-resources-plugin:2.6:resources[m [1m(default-resources)[m @ [36mCalendar[0;1m ---[m
[[1;34mINFO[m] Using 'UTF-8' encoding to copy filtered resources.
[[1;34mINFO[m] skip non existing resourceDirectory H:\NOS_SHARE\casca\Projects\GitRepos\CS362-001-U2017\projects\schmidtm\assignment-3\Calendar\src\main\resources
[[1;34mINFO[m] 
[[1;34mINFO[m] [1m--- [0;32mmaven-compiler-plugin:3.1:compile[m [1m(default-compile)[m @ [36mCalendar[0;1m ---[m
[[1;34mINFO[m] Nothing to compile - all classes are up to date
[[1;34mINFO[m] 
[[1;34mINFO[m] [1m--- [0;32mmaven-resources-plugin:2.6:testResources[m [1m(default-testResources)[m @ [36mCalendar[0;1m ---[m
[[1;34mINFO[m] Using 'UTF-8' encoding to copy filtered resources.
[[1;34mINFO[m] skip non existing resourceDirectory H:\NOS_SHARE\casca\Projects\GitRepos\CS362-001-U2017\projects\schmidtm\assignment-3\Calendar\src\test\resources
[[1;34mINFO[m] 
[[1;34mINFO[m] [1m--- [0;32mmaven-compiler-plugin:3.1:testCompile[m [1m(default-testCompile)[m @ [36mCalendar[0;1m ---[m
[[1;34mINFO[m] Nothing to compile - all classes are up to date
[[1;34mINFO[m] 
[[1;34mINFO[m] [1m--- [0;32mmaven-surefire-plugin:2.12.4:test[m [1m(default-test)[m @ [36mCalendar[0;1m ---[m
[[1;34mINFO[m] Surefire report directory: H:\NOS_SHARE\casca\Projects\GitRepos\CS362-001-U2017\projects\schmidtm\assignment-3\Calendar\target\surefire-reports

-------------------------------------------------------
 T E S T S
-------------------------------------------------------
Running calendar.ApptTest
Tests run: 2, Failures: 0, Errors: 0, Skipped: 0, Time elapsed: 0.022 sec
Running calendar.Appt_ESTest
[INFO] Seeing class for first time: calendar.Appt_ESTest
[INFO] Instrumenting class 'calendar.Appt_ESTest'.
[INFO] Seeing class for first time: calendar.Appt_ESTest_scaffolding
[INFO] Instrumenting class 'calendar.Appt_ESTest_scaffolding'.
[INFO] Keeping class: calendar.Appt_ESTest_scaffolding
[INFO] Keeping class: calendar.Appt_ESTest
[DEBUG] Adding privileged thread: "Reference Handler"
[DEBUG] Adding privileged thread: "Finalizer"
[DEBUG] Adding privileged thread: "Signal Dispatcher"
[DEBUG] Adding privileged thread: "Attach Listener"
[DEBUG] Adding privileged thread: "Java2D Disposer"
[DEBUG] Adding privileged thread: "AWT-Shutdown"
[DEBUG] Adding privileged thread: "AWT-Windows"
[DEBUG] Adding privileged thread: "main"
[INFO] Seeing class for first time: calendar.CalendarUtil
[INFO] Instrumenting class 'calendar.CalendarUtil'.
[INFO] Adding mock interface to class calendar/CalendarUtil
[DEBUG] Static Mock: org.evosuite.runtime.mock.java.io.MockFile for java.io.File
[DEBUG] Static Mock: org.evosuite.runtime.mock.java.io.MockFileInputStream for java.io.FileInputStream
[DEBUG] Static Mock: org.evosuite.runtime.mock.java.io.MockFileOutputStream for java.io.FileOutputStream
[DEBUG] Static Mock: org.evosuite.runtime.mock.java.io.MockRandomAccessFile for java.io.RandomAccessFile
[DEBUG] Static Mock: org.evosuite.runtime.mock.java.io.MockFileReader for java.io.FileReader
[DEBUG] Static Mock: org.evosuite.runtime.mock.java.io.MockFileWriter for java.io.FileWriter
[DEBUG] Static Mock: org.evosuite.runtime.mock.java.io.MockPrintStream for java.io.PrintStream
[DEBUG] Static Mock: org.evosuite.runtime.mock.java.io.MockPrintWriter for java.io.PrintWriter
[DEBUG] Static Mock: org.evosuite.runtime.mock.java.util.logging.MockFileHandler for java.util.logging.FileHandler
[DEBUG] Static Mock: org.evosuite.runtime.mock.javax.swing.MockJFileChooser for javax.swing.JFileChooser
[DEBUG] Static Mock: org.evosuite.runtime.mock.javax.swing.filechooser.MockFileSystemView for javax.swing.filechooser.FileSystemView
[DEBUG] Skipping method wait
[DEBUG] Skipping method wait
[DEBUG] Skipping method wait
[DEBUG] Skipping method equals
[DEBUG] Skipping method toString
[DEBUG] Skipping method hashCode
[DEBUG] Skipping method getClass
[DEBUG] Skipping method notify
[DEBUG] Skipping method notifyAll
[DEBUG] Static Mock: org.evosuite.runtime.mock.java.util.logging.MockLogRecord for java.util.logging.LogRecord
[DEBUG] Static Mock: org.evosuite.runtime.mock.javax.swing.MockDefaultListSelectionModel for javax.swing.DefaultListSelectionModel
[DEBUG] Static Mock: org.evosuite.runtime.mock.java.util.MockDate for java.util.Date
[DEBUG] Static Mock: org.evosuite.runtime.mock.java.util.MockRandom for java.util.Random
[DEBUG] Static Mock: org.evosuite.runtime.mock.java.util.MockGregorianCalendar for java.util.GregorianCalendar
[DEBUG] Static Mock: org.evosuite.runtime.mock.java.util.MockCalendar for java.util.Calendar
[DEBUG] Skipping method equals
[DEBUG] Skipping method hashCode
[DEBUG] Skipping method clone
[DEBUG] Skipping method format
[DEBUG] Skipping method format
[DEBUG] Skipping method format
[DEBUG] Skipping method parse
[DEBUG] Skipping method parse
[DEBUG] Skipping method getTimeZone
[DEBUG] Skipping method setTimeZone
[DEBUG] Skipping method isLenient
[DEBUG] Skipping method setLenient
[DEBUG] Skipping method getCalendar
[DEBUG] Skipping method getNumberFormat
[DEBUG] Skipping method parseObject
[DEBUG] Skipping method setCalendar
[DEBUG] Skipping method setNumberFormat
[DEBUG] Skipping method format
[DEBUG] Skipping method parseObject
[DEBUG] Skipping method formatToCharacterIterator
[DEBUG] Skipping method wait
[DEBUG] Skipping method wait
[DEBUG] Skipping method wait
[DEBUG] Skipping method toString
[DEBUG] Skipping method getClass
[DEBUG] Skipping method notify
[DEBUG] Skipping method notifyAll
[DEBUG] Static Mock: org.evosuite.runtime.mock.java.text.MockSimpleDateFormat for java.text.SimpleDateFormat
[DEBUG] Static Mock: org.evosuite.runtime.mock.javax.swing.MockSpinnerDateModel for javax.swing.SpinnerDateModel
[DEBUG] Static Mock: org.evosuite.runtime.mock.java.time.MockClock for java.time.Clock
[DEBUG] Skipping method compareTo
[DEBUG] Skipping method wait
[DEBUG] Skipping method wait
[DEBUG] Skipping method wait
[DEBUG] Skipping method getClass
[DEBUG] Skipping method notify
[DEBUG] Skipping method notifyAll
[DEBUG] Skipping method get
[DEBUG] Skipping method equals
[DEBUG] Skipping method toString
[DEBUG] Skipping method hashCode
[DEBUG] Skipping method compareTo
[DEBUG] Skipping method compareTo
[DEBUG] Skipping method getLong
[DEBUG] Skipping method format
[DEBUG] Skipping method query
[DEBUG] Skipping method range
[DEBUG] Skipping method isSupported
[DEBUG] Skipping method isSupported
[DEBUG] Skipping method getDayOfMonth
[DEBUG] Skipping method getDayOfWeek
[DEBUG] Skipping method getDayOfYear
[DEBUG] Skipping method getEra
[DEBUG] Skipping method isLeapYear
[DEBUG] Skipping method isEqual
[DEBUG] Skipping method getMonth
[DEBUG] Skipping method getYear
[DEBUG] Skipping method atStartOfDay
[DEBUG] Skipping method atStartOfDay
[DEBUG] Skipping method atTime
[DEBUG] Skipping method atTime
[DEBUG] Skipping method atTime
[DEBUG] Skipping method atTime
[DEBUG] Skipping method atTime
[DEBUG] Skipping method atTime
[DEBUG] Skipping method getChronology
[DEBUG] Skipping method getChronology
[DEBUG] Skipping method lengthOfYear
[DEBUG] Skipping method minusDays
[DEBUG] Skipping method minusMonths
[DEBUG] Skipping method minusWeeks
[DEBUG] Skipping method minusYears
[DEBUG] Skipping method plusDays
[DEBUG] Skipping method plusMonths
[DEBUG] Skipping method plusWeeks
[DEBUG] Skipping method plusYears
[DEBUG] Skipping method withDayOfMonth
[DEBUG] Skipping method withDayOfYear
[DEBUG] Skipping method withMonth
[DEBUG] Skipping method withYear
[DEBUG] Skipping method getMonthValue
[DEBUG] Skipping method lengthOfMonth
[DEBUG] Skipping method toEpochDay
[DEBUG] Skipping method adjustInto
[DEBUG] Skipping method until
[DEBUG] Skipping method until
[DEBUG] Skipping method until
[DEBUG] Skipping method with
[DEBUG] Skipping method with
[DEBUG] Skipping method with
[DEBUG] Skipping method with
[DEBUG] Skipping method with
[DEBUG] Skipping method with
[DEBUG] Skipping method isAfter
[DEBUG] Skipping method minus
[DEBUG] Skipping method minus
[DEBUG] Skipping method minus
[DEBUG] Skipping method minus
[DEBUG] Skipping method minus
[DEBUG] Skipping method minus
[DEBUG] Skipping method isBefore
[DEBUG] Skipping method plus
[DEBUG] Skipping method plus
[DEBUG] Skipping method plus
[DEBUG] Skipping method plus
[DEBUG] Skipping method plus
[DEBUG] Skipping method plus
[DEBUG] Skipping method wait
[DEBUG] Skipping method wait
[DEBUG] Skipping method wait
[DEBUG] Skipping method getClass
[DEBUG] Skipping method notify
[DEBUG] Skipping method notifyAll
[DEBUG] Skipping method get
[DEBUG] Skipping method equals
[DEBUG] Skipping method toString
[DEBUG] Skipping method hashCode
[DEBUG] Skipping method compareTo
[DEBUG] Skipping method compareTo
[DEBUG] Skipping method getLong
[DEBUG] Skipping method format
[DEBUG] Skipping method query
[DEBUG] Skipping method range
[DEBUG] Skipping method isSupported
[DEBUG] Skipping method isSupported
[DEBUG] Skipping method getDayOfMonth
[DEBUG] Skipping method getDayOfWeek
[DEBUG] Skipping method getDayOfYear
[DEBUG] Skipping method isEqual
[DEBUG] Skipping method getMonth
[DEBUG] Skipping method getYear
[DEBUG] Skipping method minusDays
[DEBUG] Skipping method minusMonths
[DEBUG] Skipping method minusWeeks
[DEBUG] Skipping method minusYears
[DEBUG] Skipping method plusDays
[DEBUG] Skipping method plusMonths
[DEBUG] Skipping method plusWeeks
[DEBUG] Skipping method plusYears
[DEBUG] Skipping method withDayOfMonth
[DEBUG] Skipping method withDayOfYear
[DEBUG] Skipping method withMonth
[DEBUG] Skipping method withYear
[DEBUG] Skipping method getHour
[DEBUG] Skipping method getMinute
[DEBUG] Skipping method getSecond
[DEBUG] Skipping method minusHours
[DEBUG] Skipping method minusMinutes
[DEBUG] Skipping method plusHours
[DEBUG] Skipping method plusMinutes
[DEBUG] Skipping method toLocalDate
[DEBUG] Skipping method toLocalDate
[DEBUG] Skipping method withHour
[DEBUG] Skipping method withMinute
[DEBUG] Skipping method withNano
[DEBUG] Skipping method withSecond
[DEBUG] Skipping method getMonthValue
[DEBUG] Skipping method plusSeconds
[DEBUG] Skipping method toLocalTime
[DEBUG] Skipping method atOffset
[DEBUG] Skipping method atZone
[DEBUG] Skipping method atZone
[DEBUG] Skipping method adjustInto
[DEBUG] Skipping method getNano
[DEBUG] Skipping method until
[DEBUG] Skipping method with
[DEBUG] Skipping method with
[DEBUG] Skipping method with
[DEBUG] Skipping method with
[DEBUG] Skipping method with
[DEBUG] Skipping method with
[DEBUG] Skipping method isAfter
[DEBUG] Skipping method truncatedTo
[DEBUG] Skipping method plusNanos
[DEBUG] Skipping method minus
[DEBUG] Skipping method minus
[DEBUG] Skipping method minus
[DEBUG] Skipping method minus
[DEBUG] Skipping method minus
[DEBUG] Skipping method minus
[DEBUG] Skipping method isBefore
[DEBUG] Skipping method plus
[DEBUG] Skipping method plus
[DEBUG] Skipping method plus
[DEBUG] Skipping method plus
[DEBUG] Skipping method plus
[DEBUG] Skipping method plus
[DEBUG] Skipping method minusSeconds
[DEBUG] Skipping method minusNanos
[DEBUG] Skipping method wait
[DEBUG] Skipping method wait
[DEBUG] Skipping method wait
[DEBUG] Skipping method getClass
[DEBUG] Skipping method notify
[DEBUG] Skipping method notifyAll
[DEBUG] Skipping method toEpochSecond
[DEBUG] Skipping method toInstant
[DEBUG] Skipping method getChronology
[DEBUG] Skipping method get
[DEBUG] Skipping method equals
[DEBUG] Skipping method toString
[DEBUG] Skipping method hashCode
[DEBUG] Skipping method compareTo
[DEBUG] Skipping method compareTo
[DEBUG] Skipping method getLong
[DEBUG] Skipping method format
[DEBUG] Skipping method query
[DEBUG] Skipping method range
[DEBUG] Skipping method isSupported
[DEBUG] Skipping method isSupported
[DEBUG] Skipping method getHour
[DEBUG] Skipping method getMinute
[DEBUG] Skipping method getSecond
[DEBUG] Skipping method minusHours
[DEBUG] Skipping method minusMinutes
[DEBUG] Skipping method plusHours
[DEBUG] Skipping method plusMinutes
[DEBUG] Skipping method toNanoOfDay
[DEBUG] Skipping method withHour
[DEBUG] Skipping method withMinute
[DEBUG] Skipping method withNano
[DEBUG] Skipping method withSecond
[DEBUG] Skipping method atDate
[DEBUG] Skipping method plusSeconds
[DEBUG] Skipping method toSecondOfDay
[DEBUG] Skipping method atOffset
[DEBUG] Skipping method adjustInto
[DEBUG] Skipping method getNano
[DEBUG] Skipping method until
[DEBUG] Skipping method with
[DEBUG] Skipping method with
[DEBUG] Skipping method with
[DEBUG] Skipping method with
[DEBUG] Skipping method isAfter
[DEBUG] Skipping method truncatedTo
[DEBUG] Skipping method plusNanos
[DEBUG] Skipping method minus
[DEBUG] Skipping method minus
[DEBUG] Skipping method minus
[DEBUG] Skipping method minus
[DEBUG] Skipping method isBefore
[DEBUG] Skipping method plus
[DEBUG] Skipping method plus
[DEBUG] Skipping method plus
[DEBUG] Skipping method plus
[DEBUG] Skipping method minusSeconds
[DEBUG] Skipping method minusNanos
[DEBUG] Skipping method wait
[DEBUG] Skipping method wait
[DEBUG] Skipping method wait
[DEBUG] Skipping method getClass
[DEBUG] Skipping method notify
[DEBUG] Skipping method notifyAll
[DEBUG] Skipping method get
[DEBUG] Skipping method equals
[DEBUG] Skipping method toString
[DEBUG] Skipping method hashCode
[DEBUG] Skipping method compareTo
[DEBUG] Skipping method compareTo
[DEBUG] Skipping method getLong
[DEBUG] Skipping method format
[DEBUG] Skipping method query
[DEBUG] Skipping method range
[DEBUG] Skipping method isSupported
[DEBUG] Skipping method getDayOfMonth
[DEBUG] Skipping method getMonth
[DEBUG] Skipping method withDayOfMonth
[DEBUG] Skipping method withMonth
[DEBUG] Skipping method atYear
[DEBUG] Skipping method isValidYear
[DEBUG] Skipping method getMonthValue
[DEBUG] Skipping method adjustInto
[DEBUG] Skipping method with
[DEBUG] Skipping method isAfter
[DEBUG] Skipping method isBefore
[DEBUG] Skipping method wait
[DEBUG] Skipping method wait
[DEBUG] Skipping method wait
[DEBUG] Skipping method getClass
[DEBUG] Skipping method notify
[DEBUG] Skipping method notifyAll
[DEBUG] Skipping method get
[DEBUG] Skipping method equals
[DEBUG] Skipping method toString
[DEBUG] Skipping method hashCode
[DEBUG] Skipping method compareTo
[DEBUG] Skipping method compareTo
[DEBUG] Skipping method getLong
[DEBUG] Skipping method format
[DEBUG] Skipping method query
[DEBUG] Skipping method getOffset
[DEBUG] Skipping method range
[DEBUG] Skipping method isSupported
[DEBUG] Skipping method isSupported
[DEBUG] Skipping method getDayOfMonth
[DEBUG] Skipping method getDayOfWeek
[DEBUG] Skipping method getDayOfYear
[DEBUG] Skipping method toEpochSecond
[DEBUG] Skipping method toZonedDateTime
[DEBUG] Skipping method isEqual
[DEBUG] Skipping method toInstant
[DEBUG] Skipping method getMonth
[DEBUG] Skipping method getYear
[DEBUG] Skipping method minusDays
[DEBUG] Skipping method minusMonths
[DEBUG] Skipping method minusWeeks
[DEBUG] Skipping method minusYears
[DEBUG] Skipping method plusDays
[DEBUG] Skipping method plusMonths
[DEBUG] Skipping method plusWeeks
[DEBUG] Skipping method plusYears
[DEBUG] Skipping method withDayOfMonth
[DEBUG] Skipping method withDayOfYear
[DEBUG] Skipping method withMonth
[DEBUG] Skipping method withYear
[DEBUG] Skipping method getHour
[DEBUG] Skipping method getMinute
[DEBUG] Skipping method getSecond
[DEBUG] Skipping method minusHours
[DEBUG] Skipping method minusMinutes
[DEBUG] Skipping method plusHours
[DEBUG] Skipping method plusMinutes
[DEBUG] Skipping method toLocalDate
[DEBUG] Skipping method toLocalDateTime
[DEBUG] Skipping method withHour
[DEBUG] Skipping method withMinute
[DEBUG] Skipping method withNano
[DEBUG] Skipping method withSecond
[DEBUG] Skipping method atZoneSameInstant
[DEBUG] Skipping method atZoneSimilarLocal
[DEBUG] Skipping method toOffsetTime
[DEBUG] Skipping method withOffsetSameInstant
[DEBUG] Skipping method withOffsetSameLocal
[DEBUG] Skipping method getMonthValue
[DEBUG] Skipping method plusSeconds
[DEBUG] Skipping method toLocalTime
[DEBUG] Skipping method adjustInto
[DEBUG] Skipping method getNano
[DEBUG] Skipping method until
[DEBUG] Skipping method with
[DEBUG] Skipping method with
[DEBUG] Skipping method with
[DEBUG] Skipping method with
[DEBUG] Skipping method isAfter
[DEBUG] Skipping method truncatedTo
[DEBUG] Skipping method plusNanos
[DEBUG] Skipping method minus
[DEBUG] Skipping method minus
[DEBUG] Skipping method minus
[DEBUG] Skipping method minus
[DEBUG] Skipping method isBefore
[DEBUG] Skipping method plus
[DEBUG] Skipping method plus
[DEBUG] Skipping method plus
[DEBUG] Skipping method plus
[DEBUG] Skipping method minusSeconds
[DEBUG] Skipping method minusNanos
[DEBUG] Skipping method wait
[DEBUG] Skipping method wait
[DEBUG] Skipping method wait
[DEBUG] Skipping method getClass
[DEBUG] Skipping method notify
[DEBUG] Skipping method notifyAll
[DEBUG] Skipping method get
[DEBUG] Skipping method equals
[DEBUG] Skipping method toString
[DEBUG] Skipping method hashCode
[DEBUG] Skipping method compareTo
[DEBUG] Skipping method compareTo
[DEBUG] Skipping method getLong
[DEBUG] Skipping method format
[DEBUG] Skipping method query
[DEBUG] Skipping method getOffset
[DEBUG] Skipping method range
[DEBUG] Skipping method isSupported
[DEBUG] Skipping method isSupported
[DEBUG] Skipping method isEqual
[DEBUG] Skipping method getHour
[DEBUG] Skipping method getMinute
[DEBUG] Skipping method getSecond
[DEBUG] Skipping method minusHours
[DEBUG] Skipping method minusMinutes
[DEBUG] Skipping method plusHours
[DEBUG] Skipping method plusMinutes
[DEBUG] Skipping method withHour
[DEBUG] Skipping method withMinute
[DEBUG] Skipping method withNano
[DEBUG] Skipping method withSecond
[DEBUG] Skipping method atDate
[DEBUG] Skipping method withOffsetSameInstant
[DEBUG] Skipping method withOffsetSameLocal
[DEBUG] Skipping method plusSeconds
[DEBUG] Skipping method toLocalTime
[DEBUG] Skipping method adjustInto
[DEBUG] Skipping method getNano
[DEBUG] Skipping method until
[DEBUG] Skipping method with
[DEBUG] Skipping method with
[DEBUG] Skipping method with
[DEBUG] Skipping method with
[DEBUG] Skipping method isAfter
[DEBUG] Skipping method truncatedTo
[DEBUG] Skipping method plusNanos
[DEBUG] Skipping method minus
[DEBUG] Skipping method minus
[DEBUG] Skipping method minus
[DEBUG] Skipping method minus
[DEBUG] Skipping method isBefore
[DEBUG] Skipping method plus
[DEBUG] Skipping method plus
[DEBUG] Skipping method plus
[DEBUG] Skipping method plus
[DEBUG] Skipping method minusSeconds
[DEBUG] Skipping method minusNanos
[DEBUG] Skipping method wait
[DEBUG] Skipping method wait
[DEBUG] Skipping method wait
[DEBUG] Skipping method getClass
[DEBUG] Skipping method notify
[DEBUG] Skipping method notifyAll
[DEBUG] Skipping method get
[DEBUG] Skipping method equals
[DEBUG] Skipping method toString
[DEBUG] Skipping method hashCode
[DEBUG] Skipping method compareTo
[DEBUG] Skipping method compareTo
[DEBUG] Skipping method getLong
[DEBUG] Skipping method format
[DEBUG] Skipping method getValue
[DEBUG] Skipping method length
[DEBUG] Skipping method query
[DEBUG] Skipping method range
[DEBUG] Skipping method isSupported
[DEBUG] Skipping method isSupported
[DEBUG] Skipping method minusYears
[DEBUG] Skipping method plusYears
[DEBUG] Skipping method atDay
[DEBUG] Skipping method atMonth
[DEBUG] Skipping method atMonth
[DEBUG] Skipping method atMonthDay
[DEBUG] Skipping method isValidMonthDay
[DEBUG] Skipping method isLeap
[DEBUG] Skipping method adjustInto
[DEBUG] Skipping method until
[DEBUG] Skipping method with
[DEBUG] Skipping method with
[DEBUG] Skipping method with
[DEBUG] Skipping method with
[DEBUG] Skipping method isAfter
[DEBUG] Skipping method minus
[DEBUG] Skipping method minus
[DEBUG] Skipping method minus
[DEBUG] Skipping method minus
[DEBUG] Skipping method isBefore
[DEBUG] Skipping method plus
[DEBUG] Skipping method plus
[DEBUG] Skipping method plus
[DEBUG] Skipping method plus
[DEBUG] Skipping method wait
[DEBUG] Skipping method wait
[DEBUG] Skipping method wait
[DEBUG] Skipping method getClass
[DEBUG] Skipping method notify
[DEBUG] Skipping method notifyAll
[DEBUG] Skipping method get
[DEBUG] Skipping method equals
[DEBUG] Skipping method toString
[DEBUG] Skipping method hashCode
[DEBUG] Skipping method compareTo
[DEBUG] Skipping method compareTo
[DEBUG] Skipping method getLong
[DEBUG] Skipping method format
[DEBUG] Skipping method query
[DEBUG] Skipping method range
[DEBUG] Skipping method isSupported
[DEBUG] Skipping method isSupported
[DEBUG] Skipping method isLeapYear
[DEBUG] Skipping method getMonth
[DEBUG] Skipping method getYear
[DEBUG] Skipping method lengthOfYear
[DEBUG] Skipping method minusMonths
[DEBUG] Skipping method minusYears
[DEBUG] Skipping method plusMonths
[DEBUG] Skipping method plusYears
[DEBUG] Skipping method withMonth
[DEBUG] Skipping method withYear
[DEBUG] Skipping method atDay
[DEBUG] Skipping method atEndOfMonth
[DEBUG] Skipping method isValidDay
[DEBUG] Skipping method getMonthValue
[DEBUG] Skipping method lengthOfMonth
[DEBUG] Skipping method adjustInto
[DEBUG] Skipping method until
[DEBUG] Skipping method with
[DEBUG] Skipping method with
[DEBUG] Skipping method with
[DEBUG] Skipping method with
[DEBUG] Skipping method isAfter
[DEBUG] Skipping method minus
[DEBUG] Skipping method minus
[DEBUG] Skipping method minus
[DEBUG] Skipping method minus
[DEBUG] Skipping method isBefore
[DEBUG] Skipping method plus
[DEBUG] Skipping method plus
[DEBUG] Skipping method plus
[DEBUG] Skipping method plus
[DEBUG] Skipping method wait
[DEBUG] Skipping method wait
[DEBUG] Skipping method wait
[DEBUG] Skipping method getClass
[DEBUG] Skipping method notify
[DEBUG] Skipping method notifyAll
[DEBUG] Skipping method get
[DEBUG] Skipping method equals
[DEBUG] Skipping method toString
[DEBUG] Skipping method hashCode
[DEBUG] Skipping method getLong
[DEBUG] Skipping method format
[DEBUG] Skipping method query
[DEBUG] Skipping method getOffset
[DEBUG] Skipping method range
[DEBUG] Skipping method isSupported
[DEBUG] Skipping method isSupported
[DEBUG] Skipping method getDayOfMonth
[DEBUG] Skipping method getDayOfWeek
[DEBUG] Skipping method getDayOfYear
[DEBUG] Skipping method getZone
[DEBUG] Skipping method getMonth
[DEBUG] Skipping method getYear
[DEBUG] Skipping method minusDays
[DEBUG] Skipping method minusMonths
[DEBUG] Skipping method minusWeeks
[DEBUG] Skipping method minusYears
[DEBUG] Skipping method plusDays
[DEBUG] Skipping method plusMonths
[DEBUG] Skipping method plusWeeks
[DEBUG] Skipping method plusYears
[DEBUG] Skipping method withDayOfMonth
[DEBUG] Skipping method withDayOfYear
[DEBUG] Skipping method withMonth
[DEBUG] Skipping method withYear
[DEBUG] Skipping method getHour
[DEBUG] Skipping method getMinute
[DEBUG] Skipping method getSecond
[DEBUG] Skipping method minusHours
[DEBUG] Skipping method minusMinutes
[DEBUG] Skipping method plusHours
[DEBUG] Skipping method plusMinutes
[DEBUG] Skipping method toLocalDate
[DEBUG] Skipping method toLocalDate
[DEBUG] Skipping method toLocalDateTime
[DEBUG] Skipping method toLocalDateTime
[DEBUG] Skipping method withHour
[DEBUG] Skipping method withMinute
[DEBUG] Skipping method withNano
[DEBUG] Skipping method withSecond
[DEBUG] Skipping method toOffsetDateTime
[DEBUG] Skipping method withEarlierOffsetAtOverlap
[DEBUG] Skipping method withEarlierOffsetAtOverlap
[DEBUG] Skipping method withFixedOffsetZone
[DEBUG] Skipping method withLaterOffsetAtOverlap
[DEBUG] Skipping method withLaterOffsetAtOverlap
[DEBUG] Skipping method withZoneSameInstant
[DEBUG] Skipping method withZoneSameInstant
[DEBUG] Skipping method withZoneSameLocal
[DEBUG] Skipping method withZoneSameLocal
[DEBUG] Skipping method getMonthValue
[DEBUG] Skipping method plusSeconds
[DEBUG] Skipping method toLocalTime
[DEBUG] Skipping method getNano
[DEBUG] Skipping method until
[DEBUG] Skipping method with
[DEBUG] Skipping method with
[DEBUG] Skipping method with
[DEBUG] Skipping method with
[DEBUG] Skipping method with
[DEBUG] Skipping method with
[DEBUG] Skipping method truncatedTo
[DEBUG] Skipping method plusNanos
[DEBUG] Skipping method minus
[DEBUG] Skipping method minus
[DEBUG] Skipping method minus
[DEBUG] Skipping method minus
[DEBUG] Skipping method minus
[DEBUG] Skipping method minus
[DEBUG] Skipping method plus
[DEBUG] Skipping method plus
[DEBUG] Skipping method plus
[DEBUG] Skipping method plus
[DEBUG] Skipping method plus
[DEBUG] Skipping method plus
[DEBUG] Skipping method minusSeconds
[DEBUG] Skipping method minusNanos
[DEBUG] Skipping method wait
[DEBUG] Skipping method wait
[DEBUG] Skipping method wait
[DEBUG] Skipping method getClass
[DEBUG] Skipping method notify
[DEBUG] Skipping method notifyAll
[DEBUG] Skipping method compareTo
[DEBUG] Skipping method compareTo
[DEBUG] Skipping method toEpochSecond
[DEBUG] Skipping method isEqual
[DEBUG] Skipping method toInstant
[DEBUG] Skipping method getChronology
[DEBUG] Skipping method isAfter
[DEBUG] Skipping method isBefore
[DEBUG] Skipping method getId
[DEBUG] Skipping method range
[DEBUG] Skipping method date
[DEBUG] Skipping method date
[DEBUG] Skipping method date
[DEBUG] Skipping method date
[DEBUG] Skipping method date
[DEBUG] Skipping method date
[DEBUG] Skipping method getCalendarType
[DEBUG] Skipping method isLeapYear
[DEBUG] Skipping method eraOf
[DEBUG] Skipping method eraOf
[DEBUG] Skipping method zonedDateTime
[DEBUG] Skipping method zonedDateTime
[DEBUG] Skipping method dateEpochDay
[DEBUG] Skipping method dateEpochDay
[DEBUG] Skipping method dateYearDay
[DEBUG] Skipping method dateYearDay
[DEBUG] Skipping method dateYearDay
[DEBUG] Skipping method dateYearDay
[DEBUG] Skipping method resolveDate
[DEBUG] Skipping method resolveDate
[DEBUG] Skipping method eras
[DEBUG] Skipping method dateNow
[DEBUG] Skipping method dateNow
[DEBUG] Skipping method localDateTime
[DEBUG] Skipping method prolepticYear
[DEBUG] Skipping method equals
[DEBUG] Skipping method toString
[DEBUG] Skipping method hashCode
[DEBUG] Skipping method compareTo
[DEBUG] Skipping method compareTo
[DEBUG] Skipping method wait
[DEBUG] Skipping method wait
[DEBUG] Skipping method wait
[DEBUG] Skipping method getClass
[DEBUG] Skipping method notify
[DEBUG] Skipping method notifyAll
[DEBUG] Skipping method getDisplayName
[DEBUG] Skipping method period
[DEBUG] Skipping method equals
[DEBUG] Skipping method toString
[DEBUG] Skipping method hashCode
[DEBUG] Skipping method getLong
[DEBUG] Skipping method range
[DEBUG] Skipping method getEra
[DEBUG] Skipping method getEra
[DEBUG] Skipping method isLeapYear
[DEBUG] Skipping method atTime
[DEBUG] Skipping method getChronology
[DEBUG] Skipping method getChronology
[DEBUG] Skipping method lengthOfYear
[DEBUG] Skipping method withVariant
[DEBUG] Skipping method lengthOfMonth
[DEBUG] Skipping method toEpochDay
[DEBUG] Skipping method until
[DEBUG] Skipping method until
[DEBUG] Skipping method with
[DEBUG] Skipping method with
[DEBUG] Skipping method with
[DEBUG] Skipping method with
[DEBUG] Skipping method with
[DEBUG] Skipping method with
[DEBUG] Skipping method minus
[DEBUG] Skipping method minus
[DEBUG] Skipping method minus
[DEBUG] Skipping method minus
[DEBUG] Skipping method minus
[DEBUG] Skipping method minus
[DEBUG] Skipping method plus
[DEBUG] Skipping method plus
[DEBUG] Skipping method plus
[DEBUG] Skipping method plus
[DEBUG] Skipping method plus
[DEBUG] Skipping method plus
[DEBUG] Skipping method wait
[DEBUG] Skipping method wait
[DEBUG] Skipping method wait
[DEBUG] Skipping method getClass
[DEBUG] Skipping method notify
[DEBUG] Skipping method notifyAll
[DEBUG] Skipping method compareTo
[DEBUG] Skipping method compareTo
[DEBUG] Skipping method format
[DEBUG] Skipping method query
[DEBUG] Skipping method isSupported
[DEBUG] Skipping method isSupported
[DEBUG] Skipping method isEqual
[DEBUG] Skipping method adjustInto
[DEBUG] Skipping method isAfter
[DEBUG] Skipping method isBefore
[DEBUG] Skipping method get
[DEBUG] Skipping method getId
[DEBUG] Skipping method range
[DEBUG] Skipping method date
[DEBUG] Skipping method date
[DEBUG] Skipping method date
[DEBUG] Skipping method date
[DEBUG] Skipping method date
[DEBUG] Skipping method date
[DEBUG] Skipping method getCalendarType
[DEBUG] Skipping method isLeapYear
[DEBUG] Skipping method eraOf
[DEBUG] Skipping method eraOf
[DEBUG] Skipping method zonedDateTime
[DEBUG] Skipping method zonedDateTime
[DEBUG] Skipping method zonedDateTime
[DEBUG] Skipping method zonedDateTime
[DEBUG] Skipping method dateEpochDay
[DEBUG] Skipping method dateEpochDay
[DEBUG] Skipping method dateYearDay
[DEBUG] Skipping method dateYearDay
[DEBUG] Skipping method dateYearDay
[DEBUG] Skipping method dateYearDay
[DEBUG] Skipping method resolveDate
[DEBUG] Skipping method resolveDate
[DEBUG] Skipping method eras
[DEBUG] Skipping method dateNow
[DEBUG] Skipping method dateNow
[DEBUG] Skipping method period
[DEBUG] Skipping method period
[DEBUG] Skipping method localDateTime
[DEBUG] Skipping method localDateTime
[DEBUG] Skipping method prolepticYear
[DEBUG] Skipping method equals
[DEBUG] Skipping method toString
[DEBUG] Skipping method hashCode
[DEBUG] Skipping method compareTo
[DEBUG] Skipping method compareTo
[DEBUG] Skipping method wait
[DEBUG] Skipping method wait
[DEBUG] Skipping method wait
[DEBUG] Skipping method getClass
[DEBUG] Skipping method notify
[DEBUG] Skipping method notifyAll
[DEBUG] Skipping method getDisplayName
[DEBUG] Skipping method getId
[DEBUG] Skipping method range
[DEBUG] Skipping method date
[DEBUG] Skipping method date
[DEBUG] Skipping method date
[DEBUG] Skipping method date
[DEBUG] Skipping method date
[DEBUG] Skipping method date
[DEBUG] Skipping method getCalendarType
[DEBUG] Skipping method isLeapYear
[DEBUG] Skipping method eraOf
[DEBUG] Skipping method eraOf
[DEBUG] Skipping method zonedDateTime
[DEBUG] Skipping method zonedDateTime
[DEBUG] Skipping method dateEpochDay
[DEBUG] Skipping method dateEpochDay
[DEBUG] Skipping method dateYearDay
[DEBUG] Skipping method dateYearDay
[DEBUG] Skipping method dateYearDay
[DEBUG] Skipping method dateYearDay
[DEBUG] Skipping method resolveDate
[DEBUG] Skipping method resolveDate
[DEBUG] Skipping method eras
[DEBUG] Skipping method dateNow
[DEBUG] Skipping method dateNow
[DEBUG] Skipping method localDateTime
[DEBUG] Skipping method prolepticYear
[DEBUG] Skipping method equals
[DEBUG] Skipping method toString
[DEBUG] Skipping method hashCode
[DEBUG] Skipping method compareTo
[DEBUG] Skipping method compareTo
[DEBUG] Skipping method wait
[DEBUG] Skipping method wait
[DEBUG] Skipping method wait
[DEBUG] Skipping method getClass
[DEBUG] Skipping method notify
[DEBUG] Skipping method notifyAll
[DEBUG] Skipping method getDisplayName
[DEBUG] Skipping method period
[DEBUG] Skipping method equals
[DEBUG] Skipping method toString
[DEBUG] Skipping method hashCode
[DEBUG] Skipping method getLong
[DEBUG] Skipping method range
[DEBUG] Skipping method isSupported
[DEBUG] Skipping method getEra
[DEBUG] Skipping method getEra
[DEBUG] Skipping method atTime
[DEBUG] Skipping method getChronology
[DEBUG] Skipping method getChronology
[DEBUG] Skipping method lengthOfYear
[DEBUG] Skipping method lengthOfMonth
[DEBUG] Skipping method toEpochDay
[DEBUG] Skipping method until
[DEBUG] Skipping method until
[DEBUG] Skipping method with
[DEBUG] Skipping method with
[DEBUG] Skipping method with
[DEBUG] Skipping method with
[DEBUG] Skipping method with
[DEBUG] Skipping method with
[DEBUG] Skipping method minus
[DEBUG] Skipping method minus
[DEBUG] Skipping method minus
[DEBUG] Skipping method minus
[DEBUG] Skipping method minus
[DEBUG] Skipping method minus
[DEBUG] Skipping method plus
[DEBUG] Skipping method plus
[DEBUG] Skipping method plus
[DEBUG] Skipping method plus
[DEBUG] Skipping method plus
[DEBUG] Skipping method plus
[DEBUG] Skipping method wait
[DEBUG] Skipping method wait
[DEBUG] Skipping method wait
[DEBUG] Skipping method getClass
[DEBUG] Skipping method notify
[DEBUG] Skipping method notifyAll
[DEBUG] Skipping method compareTo
[DEBUG] Skipping method compareTo
[DEBUG] Skipping method format
[DEBUG] Skipping method query
[DEBUG] Skipping method isSupported
[DEBUG] Skipping method isLeapYear
[DEBUG] Skipping method isEqual
[DEBUG] Skipping method adjustInto
[DEBUG] Skipping method isAfter
[DEBUG] Skipping method isBefore
[DEBUG] Skipping method get
[DEBUG] Skipping method equals
[DEBUG] Skipping method toString
[DEBUG] Skipping method hashCode
[DEBUG] Skipping method getLong
[DEBUG] Skipping method range
[DEBUG] Skipping method getEra
[DEBUG] Skipping method getEra
[DEBUG] Skipping method atTime
[DEBUG] Skipping method getChronology
[DEBUG] Skipping method getChronology
[DEBUG] Skipping method lengthOfMonth
[DEBUG] Skipping method toEpochDay
[DEBUG] Skipping method until
[DEBUG] Skipping method until
[DEBUG] Skipping method with
[DEBUG] Skipping method with
[DEBUG] Skipping method with
[DEBUG] Skipping method with
[DEBUG] Skipping method with
[DEBUG] Skipping method with
[DEBUG] Skipping method minus
[DEBUG] Skipping method minus
[DEBUG] Skipping method minus
[DEBUG] Skipping method minus
[DEBUG] Skipping method minus
[DEBUG] Skipping method minus
[DEBUG] Skipping method plus
[DEBUG] Skipping method plus
[DEBUG] Skipping method plus
[DEBUG] Skipping method plus
[DEBUG] Skipping method plus
[DEBUG] Skipping method plus
[DEBUG] Skipping method wait
[DEBUG] Skipping method wait
[DEBUG] Skipping method wait
[DEBUG] Skipping method getClass
[DEBUG] Skipping method notify
[DEBUG] Skipping method notifyAll
[DEBUG] Skipping method compareTo
[DEBUG] Skipping method compareTo
[DEBUG] Skipping method format
[DEBUG] Skipping method query
[DEBUG] Skipping method isSupported
[DEBUG] Skipping method isSupported
[DEBUG] Skipping method isLeapYear
[DEBUG] Skipping method isEqual
[DEBUG] Skipping method lengthOfYear
[DEBUG] Skipping method adjustInto
[DEBUG] Skipping method isAfter
[DEBUG] Skipping method isBefore
[DEBUG] Skipping method get
[DEBUG] Skipping method getId
[DEBUG] Skipping method range
[DEBUG] Skipping method date
[DEBUG] Skipping method date
[DEBUG] Skipping method date
[DEBUG] Skipping method date
[DEBUG] Skipping method date
[DEBUG] Skipping method date
[DEBUG] Skipping method getCalendarType
[DEBUG] Skipping method isLeapYear
[DEBUG] Skipping method eraOf
[DEBUG] Skipping method eraOf
[DEBUG] Skipping method zonedDateTime
[DEBUG] Skipping method zonedDateTime
[DEBUG] Skipping method dateEpochDay
[DEBUG] Skipping method dateEpochDay
[DEBUG] Skipping method dateYearDay
[DEBUG] Skipping method dateYearDay
[DEBUG] Skipping method dateYearDay
[DEBUG] Skipping method dateYearDay
[DEBUG] Skipping method resolveDate
[DEBUG] Skipping method resolveDate
[DEBUG] Skipping method eras
[DEBUG] Skipping method dateNow
[DEBUG] Skipping method dateNow
[DEBUG] Skipping method localDateTime
[DEBUG] Skipping method prolepticYear
[DEBUG] Skipping method equals
[DEBUG] Skipping method toString
[DEBUG] Skipping method hashCode
[DEBUG] Skipping method compareTo
[DEBUG] Skipping method compareTo
[DEBUG] Skipping method wait
[DEBUG] Skipping method wait
[DEBUG] Skipping method wait
[DEBUG] Skipping method getClass
[DEBUG] Skipping method notify
[DEBUG] Skipping method notifyAll
[DEBUG] Skipping method getDisplayName
[DEBUG] Skipping method period
[DEBUG] Skipping method getId
[DEBUG] Skipping method range
[DEBUG] Skipping method date
[DEBUG] Skipping method date
[DEBUG] Skipping method date
[DEBUG] Skipping method date
[DEBUG] Skipping method date
[DEBUG] Skipping method date
[DEBUG] Skipping method getCalendarType
[DEBUG] Skipping method isLeapYear
[DEBUG] Skipping method eraOf
[DEBUG] Skipping method eraOf
[DEBUG] Skipping method zonedDateTime
[DEBUG] Skipping method zonedDateTime
[DEBUG] Skipping method dateEpochDay
[DEBUG] Skipping method dateEpochDay
[DEBUG] Skipping method dateYearDay
[DEBUG] Skipping method dateYearDay
[DEBUG] Skipping method dateYearDay
[DEBUG] Skipping method dateYearDay
[DEBUG] Skipping method resolveDate
[DEBUG] Skipping method resolveDate
[DEBUG] Skipping method eras
[DEBUG] Skipping method dateNow
[DEBUG] Skipping method dateNow
[DEBUG] Skipping method localDateTime
[DEBUG] Skipping method prolepticYear
[DEBUG] Skipping method equals
[DEBUG] Skipping method toString
[DEBUG] Skipping method hashCode
[DEBUG] Skipping method compareTo
[DEBUG] Skipping method compareTo
[DEBUG] Skipping method wait
[DEBUG] Skipping method wait
[DEBUG] Skipping method wait
[DEBUG] Skipping method getClass
[DEBUG] Skipping method notify
[DEBUG] Skipping method notifyAll
[DEBUG] Skipping method getDisplayName
[DEBUG] Skipping method period
[DEBUG] Skipping method equals
[DEBUG] Skipping method toString
[DEBUG] Skipping method hashCode
[DEBUG] Skipping method getLong
[DEBUG] Skipping method range
[DEBUG] Skipping method getEra
[DEBUG] Skipping method getEra
[DEBUG] Skipping method atTime
[DEBUG] Skipping method getChronology
[DEBUG] Skipping method getChronology
[DEBUG] Skipping method lengthOfMonth
[DEBUG] Skipping method toEpochDay
[DEBUG] Skipping method until
[DEBUG] Skipping method until
[DEBUG] Skipping method with
[DEBUG] Skipping method with
[DEBUG] Skipping method with
[DEBUG] Skipping method with
[DEBUG] Skipping method with
[DEBUG] Skipping method with
[DEBUG] Skipping method minus
[DEBUG] Skipping method minus
[DEBUG] Skipping method minus
[DEBUG] Skipping method minus
[DEBUG] Skipping method minus
[DEBUG] Skipping method minus
[DEBUG] Skipping method plus
[DEBUG] Skipping method plus
[DEBUG] Skipping method plus
[DEBUG] Skipping method plus
[DEBUG] Skipping method plus
[DEBUG] Skipping method plus
[DEBUG] Skipping method wait
[DEBUG] Skipping method wait
[DEBUG] Skipping method wait
[DEBUG] Skipping method getClass
[DEBUG] Skipping method notify
[DEBUG] Skipping method notifyAll
[DEBUG] Skipping method compareTo
[DEBUG] Skipping method compareTo
[DEBUG] Skipping method format
[DEBUG] Skipping method query
[DEBUG] Skipping method isSupported
[DEBUG] Skipping method isSupported
[DEBUG] Skipping method isLeapYear
[DEBUG] Skipping method isEqual
[DEBUG] Skipping method lengthOfYear
[DEBUG] Skipping method adjustInto
[DEBUG] Skipping method isAfter
[DEBUG] Skipping method isBefore
[DEBUG] Skipping method get
[DEBUG] Static Mock: org.evosuite.runtime.mock.java.util.MockTimer for java.util.Timer
[DEBUG] Static Mock: org.evosuite.runtime.mock.java.lang.MockThread for java.lang.Thread
[DEBUG] Static Mock: org.evosuite.runtime.mock.java.io.MockIOException for java.io.IOException
[DEBUG] Static Mock: org.evosuite.runtime.mock.java.lang.MockArithmeticException for java.lang.ArithmeticException
[DEBUG] Static Mock: org.evosuite.runtime.mock.java.lang.MockArrayIndexOutOfBoundsException for java.lang.ArrayIndexOutOfBoundsException
[DEBUG] Static Mock: org.evosuite.runtime.mock.java.lang.MockError for java.lang.Error
[DEBUG] Static Mock: org.evosuite.runtime.mock.java.lang.MockException for java.lang.Exception
[DEBUG] Static Mock: org.evosuite.runtime.mock.java.lang.MockIllegalAccessException for java.lang.IllegalAccessException
[DEBUG] Static Mock: org.evosuite.runtime.mock.java.lang.MockIllegalArgumentException for java.lang.IllegalArgumentException
[DEBUG] Static Mock: org.evosuite.runtime.mock.java.lang.MockIllegalStateException for java.lang.IllegalStateException
[DEBUG] Static Mock: org.evosuite.runtime.mock.java.lang.MockNullPointerException for java.lang.NullPointerException
[DEBUG] Static Mock: org.evosuite.runtime.mock.java.lang.MockRuntimeException for java.lang.RuntimeException
[DEBUG] Static Mock: org.evosuite.runtime.mock.java.lang.MockThrowable for java.lang.Throwable
[DEBUG] Static Mock: org.evosuite.runtime.mock.java.net.MockDatagramSocket for java.net.DatagramSocket
[DEBUG] Skipping method wait
[DEBUG] Skipping method wait
[DEBUG] Skipping method wait
[DEBUG] Skipping method getClass
[DEBUG] Skipping method notify
[DEBUG] Skipping method notifyAll
[DEBUG] Static Mock: org.evosuite.runtime.mock.java.net.MockInetSocketAddress for java.net.InetSocketAddress
[DEBUG] Skipping method wait
[DEBUG] Skipping method wait
[DEBUG] Skipping method wait
[DEBUG] Skipping method getClass
[DEBUG] Skipping method notify
[DEBUG] Skipping method notifyAll
[DEBUG] Static Mock: org.evosuite.runtime.mock.java.net.MockServerSocket for java.net.ServerSocket
[DEBUG] Static Mock: org.evosuite.runtime.mock.java.net.MockSocket for java.net.Socket
[DEBUG] Static Mock: org.evosuite.runtime.mock.java.net.MockSocketImpl for java.net.SocketImpl
[DEBUG] Skipping method wait
[DEBUG] Skipping method wait
[DEBUG] Skipping method wait
[DEBUG] Skipping method getClass
[DEBUG] Skipping method notify
[DEBUG] Skipping method notifyAll
[DEBUG] Static Mock: org.evosuite.runtime.mock.java.net.MockURLStreamHandler for java.net.URLStreamHandler
[DEBUG] Skipping method equals
[DEBUG] Skipping method hashCode
[DEBUG] Skipping method compareTo
[DEBUG] Skipping method wait
[DEBUG] Skipping method wait
[DEBUG] Skipping method wait
[DEBUG] Skipping method getClass
[DEBUG] Skipping method notify
[DEBUG] Skipping method notifyAll
[INFO] Found static initializer in class calendar/CalendarUtil
[INFO] No hashCode defined for: calendar/CalendarUtil, superclass = java.lang.Object
[INFO] Keeping class: calendar.CalendarUtil
[INFO] Seeing class for first time: calendar.Appt
[INFO] Instrumenting class 'calendar.Appt'.
[INFO] Adding mock interface to class calendar/Appt
[INFO] No hashCode defined for: calendar/Appt, superclass = java.lang.Object
[INFO] Creating brand-new static initializer in class calendar/Appt
[INFO] Adding bytecode for initializing field RECUR_BY_WEEKLY
[INFO] Adding bytecode for initializing field RECUR_BY_MONTHLY
[INFO] Adding bytecode for initializing field RECUR_BY_YEARLY
[INFO] Adding bytecode for initializing field RECUR_NUMBER_FOREVER
[INFO] Adding bytecode for initializing field RECUR_NUMBER_NEVER
[INFO] Keeping class: calendar.Appt
Tests run: 61, Failures: 0, Errors: 0, Skipped: 0, Time elapsed: 0.668 sec
Running calendar.CalDayTest
Tests run: 4, Failures: 0, Errors: 0, Skipped: 0, Time elapsed: 0 sec
Running calendar.CalDay_ESTest
[INFO] Seeing class for first time: calendar.CalDay_ESTest
[INFO] Instrumenting class 'calendar.CalDay_ESTest'.
[INFO] Seeing class for first time: calendar.CalDay_ESTest_scaffolding
[INFO] Instrumenting class 'calendar.CalDay_ESTest_scaffolding'.
[INFO] Keeping class: calendar.CalDay_ESTest_scaffolding
[INFO] Keeping class: calendar.CalDay_ESTest
[DEBUG] Adding privileged thread: "Reference Handler"
[DEBUG] Adding privileged thread: "Finalizer"
[DEBUG] Adding privileged thread: "Signal Dispatcher"
[DEBUG] Adding privileged thread: "Attach Listener"
[DEBUG] Adding privileged thread: "Java2D Disposer"
[DEBUG] Adding privileged thread: "AWT-Shutdown"
[DEBUG] Adding privileged thread: "AWT-Windows"
[DEBUG] Adding privileged thread: "main"
[INFO] Seeing class for first time: calendar.CalendarUtil
[INFO] Instrumenting class 'calendar.CalendarUtil'.
[INFO] Adding mock interface to class calendar/CalendarUtil
[INFO] Found static initializer in class calendar/CalendarUtil
[INFO] No hashCode defined for: calendar/CalendarUtil, superclass = java.lang.Object
[INFO] Keeping class: calendar.CalendarUtil
[INFO] Seeing class for first time: calendar.Appt
[INFO] Instrumenting class 'calendar.Appt'.
[INFO] Adding mock interface to class calendar/Appt
[INFO] No hashCode defined for: calendar/Appt, superclass = java.lang.Object
[INFO] Creating brand-new static initializer in class calendar/Appt
[INFO] Adding bytecode for initializing field RECUR_BY_WEEKLY
[INFO] Adding bytecode for initializing field RECUR_BY_MONTHLY
[INFO] Adding bytecode for initializing field RECUR_BY_YEARLY
[INFO] Adding bytecode for initializing field RECUR_NUMBER_FOREVER
[INFO] Adding bytecode for initializing field RECUR_NUMBER_NEVER
[INFO] Keeping class: calendar.Appt
[INFO] Seeing class for first time: calendar.CalDay
[INFO] Instrumenting class 'calendar.CalDay'.
[INFO] Adding mock interface to class calendar/CalDay
[INFO] No hashCode defined for: calendar/CalDay, superclass = java.lang.Object
[INFO] Creating brand-new static initializer in class calendar/CalDay
[INFO] Keeping class: calendar.CalDay
Tests run: 29, Failures: 0, Errors: 0, Skipped: 0, Time elapsed: 0.042 sec
Running calendar.CalendarMain_ESTest
[INFO] Seeing class for first time: calendar.CalendarMain_ESTest
[INFO] Instrumenting class 'calendar.CalendarMain_ESTest'.
[INFO] Seeing class for first time: calendar.CalendarMain_ESTest_scaffolding
[INFO] Instrumenting class 'calendar.CalendarMain_ESTest_scaffolding'.
[INFO] Keeping class: calendar.CalendarMain_ESTest_scaffolding
[INFO] Keeping class: calendar.CalendarMain_ESTest
[DEBUG] Adding privileged thread: "Reference Handler"
[DEBUG] Adding privileged thread: "Finalizer"
[DEBUG] Adding privileged thread: "Signal Dispatcher"
[DEBUG] Adding privileged thread: "Attach Listener"
[DEBUG] Adding privileged thread: "Java2D Disposer"
[DEBUG] Adding privileged thread: "AWT-Shutdown"
[DEBUG] Adding privileged thread: "AWT-Windows"
[DEBUG] Adding privileged thread: "main"
[INFO] Seeing class for first time: calendar.CalendarMain
[INFO] Instrumenting class 'calendar.CalendarMain'.
[INFO] Adding mock interface to class calendar/CalendarMain
[INFO] No hashCode defined for: calendar/CalendarMain, superclass = java.lang.Object
[INFO] Creating brand-new static initializer in class calendar/CalendarMain
[INFO] Keeping class: calendar.CalendarMain
[INFO] Seeing class for first time: calendar.TimeTable
[INFO] Instrumenting class 'calendar.TimeTable'.
[INFO] Adding mock interface to class calendar/TimeTable
[INFO] No hashCode defined for: calendar/TimeTable, superclass = java.lang.Object
[INFO] Creating brand-new static initializer in class calendar/TimeTable
[INFO] Keeping class: calendar.TimeTable
[INFO] Seeing class for first time: calendar.DateOutOfRangeException
[INFO] Instrumenting class 'calendar.DateOutOfRangeException'.
[INFO] Adding mock interface to class calendar/DateOutOfRangeException
[INFO] No hashCode defined for: calendar/DateOutOfRangeException, superclass = java.lang.Exception
[INFO] Creating brand-new static initializer in class calendar/DateOutOfRangeException
[INFO] Keeping class: calendar.DateOutOfRangeException
[INFO] Seeing class for first time: calendar.CalendarUtil
[INFO] Instrumenting class 'calendar.CalendarUtil'.
[INFO] Adding mock interface to class calendar/CalendarUtil
[INFO] Found static initializer in class calendar/CalendarUtil
[INFO] No hashCode defined for: calendar/CalendarUtil, superclass = java.lang.Object
[INFO] Keeping class: calendar.CalendarUtil
[INFO] Seeing class for first time: calendar.Appt
[INFO] Instrumenting class 'calendar.Appt'.
[INFO] Adding mock interface to class calendar/Appt
[INFO] No hashCode defined for: calendar/Appt, superclass = java.lang.Object
[INFO] Creating brand-new static initializer in class calendar/Appt
[INFO] Adding bytecode for initializing field RECUR_BY_WEEKLY
[INFO] Adding bytecode for initializing field RECUR_BY_MONTHLY
[INFO] Adding bytecode for initializing field RECUR_BY_YEARLY
[INFO] Adding bytecode for initializing field RECUR_NUMBER_FOREVER
[INFO] Adding bytecode for initializing field RECUR_NUMBER_NEVER
[INFO] Keeping class: calendar.Appt
Calendar Main: 

	2/14/2014 at 3:30pm ,Birthday Party, This is my birthday party.

	2/14/2014 at 2:30pm ,Class, Rescheduled class.

	2/14/2014 at 1:30pm ,Meeting Today, Meeting with the students.

	3/15/2014 at 4:30pm ,Visit, Visiting my parents!

today is:2/14/2014
tomorrow is:2/15/2014
 Before Sorting
	2/14/2014 at 3:30pm ,Birthday Party, This is my birthday party.

	2/14/2014 at 2:30pm ,Class, Rescheduled class.

	2/14/2014 at 1:30pm ,Meeting Today, Meeting with the students.

	3/15/2014 at 4:30pm ,Visit, Visiting my parents!

 After Sorting
	2/14/2014 at 3:30pm ,Birthday Party, This is my birthday party.

	2/14/2014 at 1:30pm ,Meeting Today, Meeting with the students.

	3/15/2014 at 4:30pm ,Visit, Visiting my parents!

	2/14/2014 at 2:30pm ,Class, Rescheduled class.

The number of appointments:  4
Delete  	2/14/2014 at 1:30pm ,Meeting Today, Meeting with the students.

The number of appointments:  3
Calendar Main: 

Tests run: 3, Failures: 0, Errors: 0, Skipped: 0, Time elapsed: 0.019 sec
Running calendar.CalendarUtil_ESTest
[INFO] Seeing class for first time: calendar.CalendarUtil_ESTest
[INFO] Instrumenting class 'calendar.CalendarUtil_ESTest'.
[INFO] Seeing class for first time: calendar.CalendarUtil_ESTest_scaffolding
[INFO] Instrumenting class 'calendar.CalendarUtil_ESTest_scaffolding'.
[INFO] Keeping class: calendar.CalendarUtil_ESTest_scaffolding
[INFO] Keeping class: calendar.CalendarUtil_ESTest
[DEBUG] Adding privileged thread: "Reference Handler"
[DEBUG] Adding privileged thread: "Finalizer"
[DEBUG] Adding privileged thread: "Signal Dispatcher"
[DEBUG] Adding privileged thread: "Attach Listener"
[DEBUG] Adding privileged thread: "Java2D Disposer"
[DEBUG] Adding privileged thread: "AWT-Shutdown"
[DEBUG] Adding privileged thread: "AWT-Windows"
[DEBUG] Adding privileged thread: "main"
[INFO] Seeing class for first time: calendar.CalendarUtil
[INFO] Instrumenting class 'calendar.CalendarUtil'.
[INFO] Adding mock interface to class calendar/CalendarUtil
[INFO] Found static initializer in class calendar/CalendarUtil
[INFO] No hashCode defined for: calendar/CalendarUtil, superclass = java.lang.Object
[INFO] Keeping class: calendar.CalendarUtil
Tests run: 12, Failures: 0, Errors: 0, Skipped: 0, Time elapsed: 0.019 sec
Running calendar.DateOutOfRangeException_ESTest
[INFO] Seeing class for first time: calendar.DateOutOfRangeException_ESTest
[INFO] Instrumenting class 'calendar.DateOutOfRangeException_ESTest'.
[INFO] Seeing class for first time: calendar.DateOutOfRangeException_ESTest_scaffolding
[INFO] Instrumenting class 'calendar.DateOutOfRangeException_ESTest_scaffolding'.
[INFO] Keeping class: calendar.DateOutOfRangeException_ESTest_scaffolding
[INFO] Keeping class: calendar.DateOutOfRangeException_ESTest
[DEBUG] Adding privileged thread: "Reference Handler"
[DEBUG] Adding privileged thread: "Finalizer"
[DEBUG] Adding privileged thread: "Signal Dispatcher"
[DEBUG] Adding privileged thread: "Attach Listener"
[DEBUG] Adding privileged thread: "Java2D Disposer"
[DEBUG] Adding privileged thread: "AWT-Shutdown"
[DEBUG] Adding privileged thread: "AWT-Windows"
[DEBUG] Adding privileged thread: "main"
[INFO] Seeing class for first time: calendar.DateOutOfRangeException
[INFO] Instrumenting class 'calendar.DateOutOfRangeException'.
[INFO] Adding mock interface to class calendar/DateOutOfRangeException
[INFO] No hashCode defined for: calendar/DateOutOfRangeException, superclass = java.lang.Exception
[INFO] Creating brand-new static initializer in class calendar/DateOutOfRangeException
[INFO] Keeping class: calendar.DateOutOfRangeException
Tests run: 2, Failures: 0, Errors: 0, Skipped: 0, Time elapsed: 0 sec
Running calendar.TimeTableTest
Tests run: 2, Failures: 0, Errors: 0, Skipped: 0, Time elapsed: 0.001 sec
Running calendar.TimeTable_ESTest
[INFO] Seeing class for first time: calendar.TimeTable_ESTest
[INFO] Instrumenting class 'calendar.TimeTable_ESTest'.
[INFO] Seeing class for first time: calendar.TimeTable_ESTest_scaffolding
[INFO] Instrumenting class 'calendar.TimeTable_ESTest_scaffolding'.
[INFO] Keeping class: calendar.TimeTable_ESTest_scaffolding
[INFO] Keeping class: calendar.TimeTable_ESTest
[DEBUG] Adding privileged thread: "Reference Handler"
[DEBUG] Adding privileged thread: "Finalizer"
[DEBUG] Adding privileged thread: "Signal Dispatcher"
[DEBUG] Adding privileged thread: "Attach Listener"
[DEBUG] Adding privileged thread: "Java2D Disposer"
[DEBUG] Adding privileged thread: "AWT-Shutdown"
[DEBUG] Adding privileged thread: "AWT-Windows"
[DEBUG] Adding privileged thread: "main"
[INFO] Seeing class for first time: calendar.TimeTable
[INFO] Instrumenting class 'calendar.TimeTable'.
[INFO] Adding mock interface to class calendar/TimeTable
[INFO] No hashCode defined for: calendar/TimeTable, superclass = java.lang.Object
[INFO] Creating brand-new static initializer in class calendar/TimeTable
[INFO] Keeping class: calendar.TimeTable
[INFO] Seeing class for first time: calendar.DateOutOfRangeException
[INFO] Instrumenting class 'calendar.DateOutOfRangeException'.
[INFO] Adding mock interface to class calendar/DateOutOfRangeException
[INFO] No hashCode defined for: calendar/DateOutOfRangeException, superclass = java.lang.Exception
[INFO] Creating brand-new static initializer in class calendar/DateOutOfRangeException
[INFO] Keeping class: calendar.DateOutOfRangeException
[INFO] Seeing class for first time: calendar.CalendarUtil
[INFO] Instrumenting class 'calendar.CalendarUtil'.
[INFO] Adding mock interface to class calendar/CalendarUtil
[INFO] Found static initializer in class calendar/CalendarUtil
[INFO] No hashCode defined for: calendar/CalendarUtil, superclass = java.lang.Object
[INFO] Keeping class: calendar.CalendarUtil
[INFO] Seeing class for first time: calendar.Appt
[INFO] Instrumenting class 'calendar.Appt'.
[INFO] Adding mock interface to class calendar/Appt
[INFO] No hashCode defined for: calendar/Appt, superclass = java.lang.Object
[INFO] Creating brand-new static initializer in class calendar/Appt
[INFO] Adding bytecode for initializing field RECUR_BY_WEEKLY
[INFO] Adding bytecode for initializing field RECUR_BY_MONTHLY
[INFO] Adding bytecode for initializing field RECUR_BY_YEARLY
[INFO] Adding bytecode for initializing field RECUR_NUMBER_FOREVER
[INFO] Adding bytecode for initializing field RECUR_NUMBER_NEVER
[INFO] Keeping class: calendar.Appt
[INFO] Seeing class for first time: calendar.CalDay
[INFO] Instrumenting class 'calendar.CalDay'.
[INFO] Adding mock interface to class calendar/CalDay
[INFO] No hashCode defined for: calendar/CalDay, superclass = java.lang.Object
[INFO] Creating brand-new static initializer in class calendar/CalDay
[INFO] Keeping class: calendar.CalDay
[INFO] Found new thread
Tests run: 25, Failures: 0, Errors: 0, Skipped: 0, Time elapsed: 0.056 sec

Results :

Tests run: 140, Failures: 0, Errors: 0, Skipped: 0

[[1;34mINFO[m] [1m------------------------------------------------------------------------[m
[[1;34mINFO[m] [1;32mBUILD SUCCESS[m
[[1;34mINFO[m] [1m------------------------------------------------------------------------[m
[[1;34mINFO[m] Total time: 2.303 s
[[1;34mINFO[m] Finished at: 2017-08-07T20:37:08-07:00
[[1;34mINFO[m] Final Memory: 12M/309M
[[1;34mINFO[m] [1m------------------------------------------------------------------------[m
